[debug] [2020-01-12T22:47:44.604Z] ----------------------------------------------------------------------
[debug] [2020-01-12T22:47:44.605Z] Command:       C:\Program Files\nodejs\node.exe C:\Users\tolun\AppData\Roaming\npm\node_modules\firebase-tools\lib\bin\firebase.js serve
[debug] [2020-01-12T22:47:44.606Z] CLI Version:   6.8.0
[debug] [2020-01-12T22:47:44.606Z] Platform:      win32
[debug] [2020-01-12T22:47:44.606Z] Node Version:  v12.13.1
[debug] [2020-01-12T22:47:44.606Z] Time:          Mon Jan 13 2020 01:47:44 GMT+0300 (GMT+03:00)
[debug] [2020-01-12T22:47:44.607Z] ----------------------------------------------------------------------
[debug] 
[debug] [2020-01-12T22:47:44.620Z] > command requires scopes: ["email","openid","https://www.googleapis.com/auth/cloudplatformprojects.readonly","https://www.googleapis.com/auth/firebase","https://www.googleapis.com/auth/cloud-platform"]
[debug] [2020-01-12T22:47:44.620Z] > authorizing via signed-in user
[debug] [2020-01-12T22:47:44.621Z] [iam] checking project social-media-5a0af for permissions ["firebase.projects.get"]
[debug] [2020-01-12T22:47:44.622Z] >>> HTTP REQUEST POST https://cloudresourcemanager.googleapis.com/v1/projects/social-media-5a0af:testIamPermissions  

[debug] [2020-01-12T22:47:45.775Z] <<< HTTP RESPONSE 200
[debug] [2020-01-12T22:47:45.778Z] >>> HTTP REQUEST GET https://cloudresourcemanager.googleapis.com/v1/projects/social-media-5a0af  
 
[debug] [2020-01-12T22:47:46.756Z] <<< HTTP RESPONSE 200
[info] 
[info] === Serving from 'C:\Users\tolun\Masaüstü\smedia'...
[info] 
[info] i  functions: Preparing to emulate functions.
[debug] [2020-01-12T22:47:47.343Z] Fetching environment
[debug] [2020-01-12T22:47:47.346Z] >>> HTTP REQUEST GET https://mobilesdk-pa.googleapis.com/v1/projects/191529638123:getServerAppConfig  
 
[debug] [2020-01-12T22:47:47.714Z] <<< HTTP RESPONSE 200
[debug] [2020-01-12T22:47:47.715Z] Starting @google-cloud/functions-emulator
[debug] [2020-01-12T22:47:49.246Z] Parsing function triggers
[info] +  functions: api: http://localhost:5000/social-media-5a0af/us-central1/api
